Determining if the pthread_create exist failed with the following output:
Change Dir: /home/userk/development/github/PCL_Train/view/pcdWriter/CMakeFiles/CMakeTmp

Run Build Command:"/usr/bin/make" "cmTC_60310/fast"
/usr/bin/make -f CMakeFiles/cmTC_60310.dir/build.make CMakeFiles/cmTC_60310.dir/build
make[1]: Entering directory '/home/userk/development/github/PCL_Train/view/pcdWriter/CMakeFiles/CMakeTmp'
Building C object CMakeFiles/cmTC_60310.dir/CheckSymbolExists.c.o
/usr/bin/cc     -o CMakeFiles/cmTC_60310.dir/CheckSymbolExists.c.o   -c /home/userk/development/github/PCL_Train/view/pcdWriter/CMakeFiles/CMakeTmp/CheckSymbolExists.c
Linking C executable cmTC_60310
/usr/bin/cmake -E cmake_link_script CMakeFiles/cmTC_60310.dir/link.txt --verbose=1
/usr/bin/cc       CMakeFiles/cmTC_60310.dir/CheckSymbolExists.c.o  -o cmTC_60310 -rdynamic 
CMakeFiles/cmTC_60310.dir/CheckSymbolExists.c.o: In function `main':
CheckSymbolExists.c:(.text+0x16): undefined reference to `pthread_create'
collect2: error: ld returned 1 exit status
CMakeFiles/cmTC_60310.dir/build.make:97: recipe for target 'cmTC_60310' failed
make[1]: *** [cmTC_60310] Error 1
make[1]: Leaving directory '/home/userk/development/github/PCL_Train/view/pcdWriter/CMakeFiles/CMakeTmp'
Makefile:126: recipe for target 'cmTC_60310/fast' failed
make: *** [cmTC_60310/fast] Error 2

File /home/userk/development/github/PCL_Train/view/pcdWriter/CMakeFiles/CMakeTmp/CheckSymbolExists.c:
/* */
#include <pthread.h>

int main(int argc, char** argv)
{
  (void)argv;
#ifndef pthread_create
  return ((int*)(&pthread_create))[argc];
#else
  (void)argc;
  return 0;
#endif
}

Determining if the function pthread_create exists in the pthreads failed with the following output:
Change Dir: /home/userk/development/github/PCL_Train/view/pcdWriter/CMakeFiles/CMakeTmp

Run Build Command:"/usr/bin/make" "cmTC_43af6/fast"
/usr/bin/make -f CMakeFiles/cmTC_43af6.dir/build.make CMakeFiles/cmTC_43af6.dir/build
make[1]: Entering directory '/home/userk/development/github/PCL_Train/view/pcdWriter/CMakeFiles/CMakeTmp'
Building C object CMakeFiles/cmTC_43af6.dir/CheckFunctionExists.c.o
/usr/bin/cc    -DCHECK_FUNCTION_EXISTS=pthread_create   -o CMakeFiles/cmTC_43af6.dir/CheckFunctionExists.c.o   -c /usr/share/cmake-3.5/Modules/CheckFunctionExists.c
Linking C executable cmTC_43af6
/usr/bin/cmake -E cmake_link_script CMakeFiles/cmTC_43af6.dir/link.txt --verbose=1
/usr/bin/cc   -DCHECK_FUNCTION_EXISTS=pthread_create    CMakeFiles/cmTC_43af6.dir/CheckFunctionExists.c.o  -o cmTC_43af6 -rdynamic -lpthreads 
/usr/bin/ld: cannot find -lpthreads
collect2: error: ld returned 1 exit status
CMakeFiles/cmTC_43af6.dir/build.make:97: recipe for target 'cmTC_43af6' failed
make[1]: *** [cmTC_43af6] Error 1
make[1]: Leaving directory '/home/userk/development/github/PCL_Train/view/pcdWriter/CMakeFiles/CMakeTmp'
Makefile:126: recipe for target 'cmTC_43af6/fast' failed
make: *** [cmTC_43af6/fast] Error 2


