Determining if the pthread_create exist failed with the following output:
Change Dir: /home/userk/development/github/PCL_Train/view/objectTrainedDetection/CMakeFiles/CMakeTmp

Run Build Command:"/usr/bin/make" "cmTC_2f04b/fast"
/usr/bin/make -f CMakeFiles/cmTC_2f04b.dir/build.make CMakeFiles/cmTC_2f04b.dir/build
make[1]: Entering directory '/home/userk/development/github/PCL_Train/view/objectTrainedDetection/CMakeFiles/CMakeTmp'
Building C object CMakeFiles/cmTC_2f04b.dir/CheckSymbolExists.c.o
/usr/bin/cc     -o CMakeFiles/cmTC_2f04b.dir/CheckSymbolExists.c.o   -c /home/userk/development/github/PCL_Train/view/objectTrainedDetection/CMakeFiles/CMakeTmp/CheckSymbolExists.c
Linking C executable cmTC_2f04b
/usr/bin/cmake -E cmake_link_script CMakeFiles/cmTC_2f04b.dir/link.txt --verbose=1
/usr/bin/cc       CMakeFiles/cmTC_2f04b.dir/CheckSymbolExists.c.o  -o cmTC_2f04b -rdynamic 
CMakeFiles/cmTC_2f04b.dir/CheckSymbolExists.c.o: In function `main':
CheckSymbolExists.c:(.text+0x16): undefined reference to `pthread_create'
collect2: error: ld returned 1 exit status
CMakeFiles/cmTC_2f04b.dir/build.make:97: recipe for target 'cmTC_2f04b' failed
make[1]: *** [cmTC_2f04b] Error 1
make[1]: Leaving directory '/home/userk/development/github/PCL_Train/view/objectTrainedDetection/CMakeFiles/CMakeTmp'
Makefile:126: recipe for target 'cmTC_2f04b/fast' failed
make: *** [cmTC_2f04b/fast] Error 2

File /home/userk/development/github/PCL_Train/view/objectTrainedDetection/CMakeFiles/CMakeTmp/CheckSymbolExists.c:
/* */
#include <pthread.h>

int main(int argc, char** argv)
{
  (void)argv;
#ifndef pthread_create
  return ((int*)(&pthread_create))[argc];
#else
  (void)argc;
  return 0;
#endif
}

Determining if the function pthread_create exists in the pthreads failed with the following output:
Change Dir: /home/userk/development/github/PCL_Train/view/objectTrainedDetection/CMakeFiles/CMakeTmp

Run Build Command:"/usr/bin/make" "cmTC_34efe/fast"
/usr/bin/make -f CMakeFiles/cmTC_34efe.dir/build.make CMakeFiles/cmTC_34efe.dir/build
make[1]: Entering directory '/home/userk/development/github/PCL_Train/view/objectTrainedDetection/CMakeFiles/CMakeTmp'
Building C object CMakeFiles/cmTC_34efe.dir/CheckFunctionExists.c.o
/usr/bin/cc    -DCHECK_FUNCTION_EXISTS=pthread_create   -o CMakeFiles/cmTC_34efe.dir/CheckFunctionExists.c.o   -c /usr/share/cmake-3.5/Modules/CheckFunctionExists.c
Linking C executable cmTC_34efe
/usr/bin/cmake -E cmake_link_script CMakeFiles/cmTC_34efe.dir/link.txt --verbose=1
/usr/bin/cc   -DCHECK_FUNCTION_EXISTS=pthread_create    CMakeFiles/cmTC_34efe.dir/CheckFunctionExists.c.o  -o cmTC_34efe -rdynamic -lpthreads 
/usr/bin/ld: cannot find -lpthreads
collect2: error: ld returned 1 exit status
CMakeFiles/cmTC_34efe.dir/build.make:97: recipe for target 'cmTC_34efe' failed
make[1]: *** [cmTC_34efe] Error 1
make[1]: Leaving directory '/home/userk/development/github/PCL_Train/view/objectTrainedDetection/CMakeFiles/CMakeTmp'
Makefile:126: recipe for target 'cmTC_34efe/fast' failed
make: *** [cmTC_34efe/fast] Error 2


