Determining if the pthread_create exist failed with the following output:
Change Dir: /home/userk/development/github/PCL_Train/kinect/cuore/CMakeFiles/CMakeTmp

Run Build Command:"/usr/bin/make" "cmTC_df9bd/fast"
/usr/bin/make -f CMakeFiles/cmTC_df9bd.dir/build.make CMakeFiles/cmTC_df9bd.dir/build
make[1]: Entering directory '/home/userk/development/github/PCL_Train/kinect/cuore/CMakeFiles/CMakeTmp'
Building C object CMakeFiles/cmTC_df9bd.dir/CheckSymbolExists.c.o
/usr/bin/cc     -o CMakeFiles/cmTC_df9bd.dir/CheckSymbolExists.c.o   -c /home/userk/development/github/PCL_Train/kinect/cuore/CMakeFiles/CMakeTmp/CheckSymbolExists.c
Linking C executable cmTC_df9bd
/usr/bin/cmake -E cmake_link_script CMakeFiles/cmTC_df9bd.dir/link.txt --verbose=1
/usr/bin/cc       CMakeFiles/cmTC_df9bd.dir/CheckSymbolExists.c.o  -o cmTC_df9bd -rdynamic 
CMakeFiles/cmTC_df9bd.dir/CheckSymbolExists.c.o: In function `main':
CheckSymbolExists.c:(.text+0x16): undefined reference to `pthread_create'
collect2: error: ld returned 1 exit status
CMakeFiles/cmTC_df9bd.dir/build.make:97: recipe for target 'cmTC_df9bd' failed
make[1]: *** [cmTC_df9bd] Error 1
make[1]: Leaving directory '/home/userk/development/github/PCL_Train/kinect/cuore/CMakeFiles/CMakeTmp'
Makefile:126: recipe for target 'cmTC_df9bd/fast' failed
make: *** [cmTC_df9bd/fast] Error 2

File /home/userk/development/github/PCL_Train/kinect/cuore/CMakeFiles/CMakeTmp/CheckSymbolExists.c:
/* */
#include <pthread.h>

int main(int argc, char** argv)
{
  (void)argv;
#ifndef pthread_create
  return ((int*)(&pthread_create))[argc];
#else
  (void)argc;
  return 0;
#endif
}

Determining if the function pthread_create exists in the pthreads failed with the following output:
Change Dir: /home/userk/development/github/PCL_Train/kinect/cuore/CMakeFiles/CMakeTmp

Run Build Command:"/usr/bin/make" "cmTC_e21ee/fast"
/usr/bin/make -f CMakeFiles/cmTC_e21ee.dir/build.make CMakeFiles/cmTC_e21ee.dir/build
make[1]: Entering directory '/home/userk/development/github/PCL_Train/kinect/cuore/CMakeFiles/CMakeTmp'
Building C object CMakeFiles/cmTC_e21ee.dir/CheckFunctionExists.c.o
/usr/bin/cc    -DCHECK_FUNCTION_EXISTS=pthread_create   -o CMakeFiles/cmTC_e21ee.dir/CheckFunctionExists.c.o   -c /usr/share/cmake-3.5/Modules/CheckFunctionExists.c
Linking C executable cmTC_e21ee
/usr/bin/cmake -E cmake_link_script CMakeFiles/cmTC_e21ee.dir/link.txt --verbose=1
/usr/bin/cc   -DCHECK_FUNCTION_EXISTS=pthread_create    CMakeFiles/cmTC_e21ee.dir/CheckFunctionExists.c.o  -o cmTC_e21ee -rdynamic -lpthreads 
/usr/bin/ld: cannot find -lpthreads
collect2: error: ld returned 1 exit status
CMakeFiles/cmTC_e21ee.dir/build.make:97: recipe for target 'cmTC_e21ee' failed
make[1]: *** [cmTC_e21ee] Error 1
make[1]: Leaving directory '/home/userk/development/github/PCL_Train/kinect/cuore/CMakeFiles/CMakeTmp'
Makefile:126: recipe for target 'cmTC_e21ee/fast' failed
make: *** [cmTC_e21ee/fast] Error 2


