Determining if the pthread_create exist failed with the following output:
Change Dir: /home/userk/development/github/PCL_Train/view/concat/CMakeFiles/CMakeTmp

Run Build Command:"/usr/bin/make" "cmTC_fbbcd/fast"
/usr/bin/make -f CMakeFiles/cmTC_fbbcd.dir/build.make CMakeFiles/cmTC_fbbcd.dir/build
make[1]: Entering directory '/home/userk/development/github/PCL_Train/view/concat/CMakeFiles/CMakeTmp'
Building C object CMakeFiles/cmTC_fbbcd.dir/CheckSymbolExists.c.o
/usr/bin/cc     -o CMakeFiles/cmTC_fbbcd.dir/CheckSymbolExists.c.o   -c /home/userk/development/github/PCL_Train/view/concat/CMakeFiles/CMakeTmp/CheckSymbolExists.c
Linking C executable cmTC_fbbcd
/usr/bin/cmake -E cmake_link_script CMakeFiles/cmTC_fbbcd.dir/link.txt --verbose=1
/usr/bin/cc       CMakeFiles/cmTC_fbbcd.dir/CheckSymbolExists.c.o  -o cmTC_fbbcd -rdynamic 
CMakeFiles/cmTC_fbbcd.dir/CheckSymbolExists.c.o: In function `main':
CheckSymbolExists.c:(.text+0x16): undefined reference to `pthread_create'
collect2: error: ld returned 1 exit status
CMakeFiles/cmTC_fbbcd.dir/build.make:97: recipe for target 'cmTC_fbbcd' failed
make[1]: *** [cmTC_fbbcd] Error 1
make[1]: Leaving directory '/home/userk/development/github/PCL_Train/view/concat/CMakeFiles/CMakeTmp'
Makefile:126: recipe for target 'cmTC_fbbcd/fast' failed
make: *** [cmTC_fbbcd/fast] Error 2

File /home/userk/development/github/PCL_Train/view/concat/CMakeFiles/CMakeTmp/CheckSymbolExists.c:
/* */
#include <pthread.h>

int main(int argc, char** argv)
{
  (void)argv;
#ifndef pthread_create
  return ((int*)(&pthread_create))[argc];
#else
  (void)argc;
  return 0;
#endif
}

Determining if the function pthread_create exists in the pthreads failed with the following output:
Change Dir: /home/userk/development/github/PCL_Train/view/concat/CMakeFiles/CMakeTmp

Run Build Command:"/usr/bin/make" "cmTC_c2260/fast"
/usr/bin/make -f CMakeFiles/cmTC_c2260.dir/build.make CMakeFiles/cmTC_c2260.dir/build
make[1]: Entering directory '/home/userk/development/github/PCL_Train/view/concat/CMakeFiles/CMakeTmp'
Building C object CMakeFiles/cmTC_c2260.dir/CheckFunctionExists.c.o
/usr/bin/cc    -DCHECK_FUNCTION_EXISTS=pthread_create   -o CMakeFiles/cmTC_c2260.dir/CheckFunctionExists.c.o   -c /usr/share/cmake-3.5/Modules/CheckFunctionExists.c
Linking C executable cmTC_c2260
/usr/bin/cmake -E cmake_link_script CMakeFiles/cmTC_c2260.dir/link.txt --verbose=1
/usr/bin/cc   -DCHECK_FUNCTION_EXISTS=pthread_create    CMakeFiles/cmTC_c2260.dir/CheckFunctionExists.c.o  -o cmTC_c2260 -rdynamic -lpthreads 
/usr/bin/ld: cannot find -lpthreads
collect2: error: ld returned 1 exit status
CMakeFiles/cmTC_c2260.dir/build.make:97: recipe for target 'cmTC_c2260' failed
make[1]: *** [cmTC_c2260] Error 1
make[1]: Leaving directory '/home/userk/development/github/PCL_Train/view/concat/CMakeFiles/CMakeTmp'
Makefile:126: recipe for target 'cmTC_c2260/fast' failed
make: *** [cmTC_c2260/fast] Error 2


