Determining if the pthread_create exist failed with the following output:
Change Dir: /home/userk/development/github/PCL_Train/kinect/grabber/CMakeFiles/CMakeTmp

Run Build Command:"/usr/bin/make" "cmTC_04dfa/fast"
/usr/bin/make -f CMakeFiles/cmTC_04dfa.dir/build.make CMakeFiles/cmTC_04dfa.dir/build
make[1]: Entering directory '/home/userk/development/github/PCL_Train/kinect/grabber/CMakeFiles/CMakeTmp'
Building C object CMakeFiles/cmTC_04dfa.dir/CheckSymbolExists.c.o
/usr/bin/cc     -o CMakeFiles/cmTC_04dfa.dir/CheckSymbolExists.c.o   -c /home/userk/development/github/PCL_Train/kinect/grabber/CMakeFiles/CMakeTmp/CheckSymbolExists.c
Linking C executable cmTC_04dfa
/usr/bin/cmake -E cmake_link_script CMakeFiles/cmTC_04dfa.dir/link.txt --verbose=1
/usr/bin/cc       CMakeFiles/cmTC_04dfa.dir/CheckSymbolExists.c.o  -o cmTC_04dfa -rdynamic 
CMakeFiles/cmTC_04dfa.dir/CheckSymbolExists.c.o: In function `main':
CheckSymbolExists.c:(.text+0x16): undefined reference to `pthread_create'
collect2: error: ld returned 1 exit status
CMakeFiles/cmTC_04dfa.dir/build.make:97: recipe for target 'cmTC_04dfa' failed
make[1]: *** [cmTC_04dfa] Error 1
make[1]: Leaving directory '/home/userk/development/github/PCL_Train/kinect/grabber/CMakeFiles/CMakeTmp'
Makefile:126: recipe for target 'cmTC_04dfa/fast' failed
make: *** [cmTC_04dfa/fast] Error 2

File /home/userk/development/github/PCL_Train/kinect/grabber/CMakeFiles/CMakeTmp/CheckSymbolExists.c:
/* */
#include <pthread.h>

int main(int argc, char** argv)
{
  (void)argv;
#ifndef pthread_create
  return ((int*)(&pthread_create))[argc];
#else
  (void)argc;
  return 0;
#endif
}

Determining if the function pthread_create exists in the pthreads failed with the following output:
Change Dir: /home/userk/development/github/PCL_Train/kinect/grabber/CMakeFiles/CMakeTmp

Run Build Command:"/usr/bin/make" "cmTC_66bad/fast"
/usr/bin/make -f CMakeFiles/cmTC_66bad.dir/build.make CMakeFiles/cmTC_66bad.dir/build
make[1]: Entering directory '/home/userk/development/github/PCL_Train/kinect/grabber/CMakeFiles/CMakeTmp'
Building C object CMakeFiles/cmTC_66bad.dir/CheckFunctionExists.c.o
/usr/bin/cc    -DCHECK_FUNCTION_EXISTS=pthread_create   -o CMakeFiles/cmTC_66bad.dir/CheckFunctionExists.c.o   -c /usr/share/cmake-3.5/Modules/CheckFunctionExists.c
Linking C executable cmTC_66bad
/usr/bin/cmake -E cmake_link_script CMakeFiles/cmTC_66bad.dir/link.txt --verbose=1
/usr/bin/cc   -DCHECK_FUNCTION_EXISTS=pthread_create    CMakeFiles/cmTC_66bad.dir/CheckFunctionExists.c.o  -o cmTC_66bad -rdynamic -lpthreads 
/usr/bin/ld: cannot find -lpthreads
collect2: error: ld returned 1 exit status
CMakeFiles/cmTC_66bad.dir/build.make:97: recipe for target 'cmTC_66bad' failed
make[1]: *** [cmTC_66bad] Error 1
make[1]: Leaving directory '/home/userk/development/github/PCL_Train/kinect/grabber/CMakeFiles/CMakeTmp'
Makefile:126: recipe for target 'cmTC_66bad/fast' failed
make: *** [cmTC_66bad/fast] Error 2


